C51 COMPILER V9.01   MAIN                                                                  08/14/2012 04:38:35 PAGE 1   


C51 COMPILER V9.01, COMPILATION OF MODULE MAIN
OBJECT MODULE PLACED IN main.OBJ
COMPILER INVOKED BY: C:\Keil\C51\BIN\C51.EXE main.c BROWSE DEBUG OBJECTEXTEND TABS(2)

line level    source

   1          #include <main.h>
   2          
   3          void main()
   4          {
   5   1        delay_ms(400);        // LUU Y SU CAN THIET CUA KHOANG THOI GIAN DELAY NAY (>40ms)
   6   1        lcd_init();
   7   1        delay_ms(5);
   8   1        LCD_RST=1;
   9   1        lcd_clear();
  10   1        lcd_putchar(1,1,'A');
  11   1        while(1)
  12   1        {
  13   2          /*lcd_puts(1,1,"WELLCOME TO!");
  14   2          lcd_puts(1,2,"MINHHAGROUP ");
  15   2          lcd_puts(0,3," 11/N66-DCV-HBT");
  16   2          lcd_puts(0,4,"8051/AVR/PIC/ARM");
  17   2          //delay_ms(100);*/
  18   2        }
  19   1      }


MODULE INFORMATION:   STATIC OVERLAYABLE
   CODE SIZE        =     33    ----
   CONSTANT SIZE    =   ----    ----
   XDATA SIZE       =   ----    ----
   PDATA SIZE       =   ----    ----
   DATA SIZE        =   ----    ----
   IDATA SIZE       =   ----    ----
   BIT SIZE         =   ----    ----
END OF MODULE INFORMATION.


C51 COMPILATION COMPLETE.  0 WARNING(S),  0 ERROR(S)
