C51 COMPILER V9.01   CODE                                                                  07/18/2017 02:10:13 PAGE 1   


C51 COMPILER V9.01, COMPILATION OF MODULE CODE
OBJECT MODULE PLACED IN code.OBJ
COMPILER INVOKED BY: C:\Keil\C51\BIN\C51.EXE code.c BROWSE DEBUG OBJECTEXTEND

line level    source

   1          #include<regx52.h>
   2          #include <INTRINS.H>
   3          // Thu vien LCD
   4          #define CLK    P2_7
   5          #define DC     P2_6
   6          #define DATA   P2_5
   7          #define SCE    P2_4 
   8          
   9          #define DDROUT 1
  10          #define DDRIN  0
  11          #define CMD    0
  12          #define DAT    1
  13                                            
  14          /*-----------------------------------------*/
  15          void delay_ms(unsigned int t)  
  16          {
  17   1      unsigned int x,y;
  18   1      for(x=0;x<t;x++)
  19   1      {
  20   2      for(y=0;y<123;y++);
  21   2      }       
  22   1      }
  23          //~~~~~~~~~~~~~~~~~~~~~~~~~~~~~~~~~~~~~~//      
  24          unsigned char code font_img[8][128] =
  25          { 
  26          
  27          {0x00,0x00,0x00,0x00,0x00,0x00,0x00,0x00,0x00,0x00,0x00,0x00,0x00,0x00,0x00,0x00,0x00,0x00,0x00,0x00,0x00,
             -0x00,0x00,0x00,0x00,0xC0,0xF8,0xFF,0xFD,0x00,0xC0,0x00,0x00,0x00,0x00,0x01,0x00,0x00,0x00,0x00,0x80,0xC0,0x00,0x00,0x00,
             -0x00,0x00,0x00,0x00,0x00,0x00,0x00,0x00,0x00,0x00,0x00,0x00,0x00,0x00,0x00,0x00,0x00,0x00,0x00,0x00,0x03,0x07,0x7F,0xFF,
             -0xFF,0xFF,0xFF,0xFE,0xFC,0xF9,0xF7,0xEF,0xDE,0x3C,0x78,0xE0,0xC0,0x80,0x01,0x00,0x00,0x00,0x00,0x00,0x00,0x00,0x00,0x00,
             -0x00,0x00,0x00,0x00,0x00,0x00,0x00,0x00,0x00,0x00,0x00,0x00,0x00,0x00,0x00,0x00,0x00,0x00,0x00,0x00,0x00,0x00,0x00,0x00,
             -0x00,0x00,0x00,0x00,0x00,0x00,0x00,0x00,0x00,0x00,0x00},
  28          {0x00,0x00,0x00,0x00,0x00,0x00,0x00,0x00,0x00,0x00,0x00,0x00,0x00,0x00,0x00,0x00,0x00,0x00,0x00,0x00,0x00,
             -0x00,0x00,0x60,0xFF,0xFF,0xFF,0xFF,0xFE,0x1F,0x10,0xFC,0x87,0x00,0x00,0xF8,0x80,0x00,0x1C,0x7F,0xFF,0xFF,0xFF,0xFF,0xFE,
             -0xC0,0x00,0x00,0x01,0x0F,0xFE,0xF0,0x80,0x00,0x00,0x80,0x00,0x8C,0xF0,0xC0,0x80,0x40,0x60,0x70,0x30,0x38,0x38,0x1C,0x3C,
             -0x3F,0x3F,0x3F,0xBF,0xBF,0xFF,0xFF,0xFF,0xFF,0xFF,0xFE,0xFD,0xFB,0xFF,0xFF,0xFC,0xF8,0xE4,0x90,0x40,0x80,0x00,0x00,0x00,
             -0x00,0x00,0x00,0x00,0x00,0x00,0x00,0x00,0x00,0x00,0x00,0x00,0x00,0x00,0x00,0x00,0x00,0x00,0x00,0x00,0x00,0x00,0x00,0x00,
             -0x00,0x00,0x00,0x00,0x00,0x00,0x00,0x00,0x00,0x00,0x00},
  29          {0x00,0x00,0x00,0x00,0x00,0x00,0x00,0x00,0x00,0x00,0x00,0x00,0x00,0x00,0x00,0x00,0x00,0x00,0x00,0x00,0x00,
             -0x00,0xF8,0xFF,0xFF,0xFF,0xFF,0xFF,0xFF,0xFF,0xFF,0xFF,0xFF,0xF8,0x18,0x1D,0x1F,0x1E,0x1E,0x0F,0x8F,0x9F,0x9F,0x9F,0x9F,
             -0x9F,0xBF,0xFE,0xFC,0xD8,0xC1,0xC3,0xC3,0xC3,0xC0,0x40,0x40,0xE1,0xE3,0x30,0x11,0x18,0x08,0x0C,0x6C,0x74,0x7E,0x7E,0x7E,
             -0x7F,0x7F,0x7F,0x7F,0x3F,0x7F,0x7F,0x7F,0x7F,0x7F,0x7F,0x7F,0xFF,0xFF,0xFF,0xFF,0xFF,0xFF,0xFF,0xFE,0xFC,0xF2,0xE4,0x80,
             -0x00,0x00,0x00,0x00,0x00,0x00,0x00,0x00,0x00,0x00,0x00,0x00,0x00,0x00,0x00,0x00,0x00,0x00,0x00,0x00,0x00,0x00,0x00,0x00,
             -0x00,0x00,0x00,0x00,0x00,0x00,0x00,0x00,0x00,0x00,0x00},
  30          {0x00,0x00,0x00,0x00,0x00,0x00,0x00,0x00,0x00,0x00,0x00,0x00,0x00,0x00,0x00,0x00,0x00,0x00,0x00,0x00,0x00,
             -0xC1,0xE7,0xFF,0xFF,0xFF,0x1F,0x7F,0xFF,0xFF,0xFF,0xFF,0xFE,0x1F,0x3F,0x3F,0x3F,0x7F,0x33,0x1F,0x1F,0x0F,0x1F,0x0F,0x0F,
             -0x03,0x06,0x06,0x01,0x01,0x1F,0xFF,0xFC,0x00,0x00,0x00,0x00,0x00,0x07,0x0F,0x3C,0x78,0xF0,0xC0,0x00,0x00,0x00,0x00,0x00,
             -0x00,0x00,0x00,0x00,0x00,0x00,0x00,0x00,0x00,0x80,0x40,0x40,0x40,0x63,0x27,0x3F,0xFF,0xFF,0xFF,0xFF,0xFF,0xFF,0xFF,0xFF,
             -0xFF,0xFE,0xFC,0xFC,0xEC,0xC0,0xC0,0xC0,0x80,0x00,0x00,0x00,0x00,0x00,0x00,0x00,0x00,0x00,0x00,0x00,0x00,0x00,0x00,0x00,
             -0x00,0x00,0x00,0x00,0x00,0x00,0x00,0x00,0x00,0x00,0x00},
  31          {0x00,0x00,0x00,0x00,0x00,0x00,0x00,0x00,0x00,0x00,0x00,0x00,0x00,0x00,0x00,0x00,0x00,0x00,0x00,0x00,0x00,
             -0xD0,0xFF,0xFF,0xFF,0xFF,0xFF,0xFF,0xFF,0xFF,0xFF,0xBF,0x7F,0xE0,0x80,0x00,0x00,0x00,0x00,0x00,0x00,0x00,0x00,0x00,0x00,
             -0x00,0x00,0x00,0x00,0x10,0x18,0x0F,0x03,0x00,0x00,0x00,0x80,0x00,0x00,0x00,0x00,0x00,0x20,0x21,0x01,0x01,0x00,0x02,0x00,
             -0x00,0x00,0x00,0x00,0x00,0x00,0x00,0x00,0x00,0x00,0x00,0x00,0x00,0x00,0x00,0x00,0x8D,0xFF,0xFF,0xFF,0xFF,0xFF,0xFF,0xFF,
             -0xFF,0xFF,0xFF,0xFF,0xFF,0xFF,0xFF,0xFF,0xFE,0xFF,0xFE,0xFC,0xF8,0xE0,0xC0,0x80,0x00,0x00,0x00,0x00,0x00,0x00,0x00,0x00,
C51 COMPILER V9.01   CODE                                                                  07/18/2017 02:10:13 PAGE 2   

             -0x00,0x00,0x00,0x00,0x00,0x00,0x00,0x00,0x00,0x00,0x00},
  32          {0x00,0x00,0x00,0x00,0x00,0x00,0x00,0x00,0x00,0x00,0x00,0x00,0x00,0x00,0x00,0x00,0x00,0x00,0x00,0x00,0xC0,
             -0xED,0x7F,0x3F,0x1F,0x1F,0x0F,0x0F,0x07,0x07,0x07,0x03,0x03,0x03,0x01,0x01,0x01,0x00,0x00,0x00,0x00,0x00,0x00,0x00,0x00,
             -0x00,0x00,0x00,0x00,0x00,0x00,0x00,0x00,0x00,0x00,0x80,0x80,0xC0,0xC0,0xC0,0xC0,0xC0,0xC0,0xE0,0x60,0x20,0x20,0x20,0x20,
             -0x00,0x00,0x00,0x00,0x00,0x00,0x00,0x00,0x00,0x00,0x00,0x80,0xC0,0xE0,0xF0,0xFC,0xFF,0xFF,0xFF,0xFF,0xFF,0xFF,0xFF,0xFF,
             -0xFF,0xFF,0xFF,0xFF,0xFF,0xFF,0xFF,0xFF,0xFF,0xFF,0xFF,0xFF,0xFF,0xFF,0xFF,0xFF,0xFF,0xFE,0xFC,0xF8,0xF8,0xF0,0xF0,0xF0,
             -0xE0,0xC0,0xC0,0x80,0x00,0x00,0x00,0x00,0x80,0x00,0x00},
  33          {0x00,0x00,0x00,0x00,0x00,0x00,0x00,0x00,0x00,0x00,0x00,0x00,0x00,0x00,0x00,0x00,0x00,0x00,0x00,0x03,0x01,
             -0x00,0x00,0x00,0x00,0x00,0x00,0x00,0x00,0x00,0x00,0x00,0x00,0x00,0x00,0x00,0x00,0x00,0x00,0x00,0x00,0x00,0x00,0x00,0x00,
             -0x00,0x00,0x00,0x00,0x00,0x00,0x00,0x00,0x00,0x01,0x01,0x01,0x01,0x01,0x00,0x00,0x00,0x00,0x00,0x00,0x00,0x00,0x00,0x00,
             -0x00,0x00,0x00,0x00,0x00,0x00,0x00,0xE0,0xE8,0xFC,0xFF,0xFF,0xFF,0xFF,0xFF,0xFF,0xFF,0xFF,0xFF,0xFF,0xFF,0xFF,0xFF,0xFF,
             -0xFF,0xFF,0xFF,0xFF,0xFF,0xFF,0xFF,0xFF,0xFF,0xFF,0xFF,0xFF,0xFF,0xFF,0xFF,0xFF,0xFF,0xFF,0xFF,0xFF,0xFF,0xFF,0xFF,0xFF,
             -0xFF,0xFF,0xFF,0xFF,0xFF,0xFF,0xFF,0xFF,0xFF,0x00,0x00},
  34          {0x00,0x00,0x00,0x00,0x00,0x00,0x00,0x00,0x00,0x00,0x00,0x00,0x00,0x00,0x00,0x00,0x00,0x00,0x00,0x00,0x00,
             -0x00,0x00,0x00,0x00,0x00,0x00,0x00,0x00,0x00,0x00,0x00,0x00,0x00,0x00,0x00,0x00,0x80,0xC0,0xC0,0xE0,0xC0,0xC0,0x80,0x00,
             -0x00,0x00,0x00,0x00,0x00,0x00,0x00,0x00,0x03,0x06,0x1C,0x7C,0xF8,0xF8,0xF8,0xF0,0xF0,0xF0,0xF0,0xF0,0xF0,0xF0,0xF0,0xF0,
             -0xF0,0xF0,0xF8,0xF8,0xFC,0xFE,0xFF,0xFF,0xFF,0xFF,0xFF,0xFF,0xFF,0xFF,0xFF,0xFF,0xFF,0xFF,0xFF,0xFF,0xFF,0xFF,0xFF,0xFF,
             -0xFF,0xFF,0xFF,0xFF,0xFF,0xFF,0xFF,0xFF,0xFF,0xFF,0xFF,0xFF,0xFF,0xFF,0xFF,0xFF,0xFF,0xFF,0xFF,0xFF,0xFF,0xFF,0xFF,0xFF,
             -0xFF,0xFF,0xFF,0xFF,0xFF,0xFF,0xFF,0xFF,0xFF,0x00,0x00},
  35          };       
  36          //~~~~~~~~~~~~~~~~~~~~~~~~~~~~~~~~~~~~~~// 
  37          
  38          void SPI_truyen(unsigned char cd,unsigned char myData)
  39          {
  40   1      unsigned char i;
  41   1      DC= cd;
  42   1      for(i=0;i<8;i++){
  43   2                      DATA=(myData & 0x80) ;
  44   2                      CLK=1;
  45   2                      myData<<=1;
  46   2                      CLK=0;
  47   2                      }
  48   1      }
  49          //~~~~~~~~~~~~~~~~~~~~~~~~~~~~~~~~~~~~~~//
  50          void LCD_chonvitri(unsigned char x, unsigned char y, unsigned char giatri)
  51          {
  52   1              x=x*giatri; 
  53   1          SPI_truyen(CMD,(x & 0x0f));
  54   1          SPI_truyen(CMD,((x >> 4)|0x10));
  55   1          SPI_truyen(CMD,((y & 0x0f)|0xb0));
  56   1      } 
  57          //~~~~~~~~~~~~~~~~~~~~~~~~~~~~~~~~~~~~~~// 
  58          void LCD_xoamanhinh() 
  59          {
  60   1          unsigned char u,w;
  61   1          for(u=0;u<8;u++){
  62   2              LCD_chonvitri(0,u,1);
  63   2              for(w=0;w<130;w++)
  64   2                  SPI_truyen(DAT,0x00);
  65   2          }
  66   1          LCD_chonvitri(0,0,1);
  67   1      } 
  68          //~~~~~~~~~~~~~~~~~~~~~~~~~~~~~~~~~~~~~~// 
  69           
  70          void LCD_khoitao() 
  71          {
  72   1          CLK=0;
  73   1          delay_ms(2); 
  74   1          SCE=0;
  75   1          SPI_truyen(CMD,0xE2); 
  76   1          delay_ms(10);
  77   1          SPI_truyen(CMD,0x2C);
C51 COMPILER V9.01   CODE                                                                  07/18/2017 02:10:13 PAGE 3   

  78   1          SPI_truyen(CMD,0x2E);
  79   1          SPI_truyen(CMD,0x2F); 
  80   1          SPI_truyen(CMD,0xAF); 
  81   1          LCD_xoamanhinh();  
  82   1          SPI_truyen(CMD,0xA6);
  83   1                //SPI_truyen(CMD,0xA1); // dung trong mo phong. mach that xoa dong nay
  84   1      }
  85          
  86          //~~~~~~~~~~~~~~~~~~~~~~~~~~~~~~~~~~~~~~//
  87          void img() 
  88          {
  89   1              unsigned char v;
  90   1              unsigned char x;
  91   1      
  92   1          for(x=0;x<8;x++)                                       
  93   1              {
  94   2                  LCD_chonvitri(0,x,0);
  95   2                      for(v=0;v<128;v++)
  96   2                        {
  97   3                              SPI_truyen(DAT,font_img[x][v]);
  98   3                        }
  99   2              }
 100   1      }
 101          
 102          void main()                                              
 103          {                                                                                   
 104   1        LCD_khoitao();
 105   1        img();
 106   1        while(1)
 107   1        {
 108   2         
 109   2        }
 110   1      }


MODULE INFORMATION:   STATIC OVERLAYABLE
   CODE SIZE        =    255    ----
   CONSTANT SIZE    =   1024    ----
   XDATA SIZE       =   ----    ----
   PDATA SIZE       =   ----    ----
   DATA SIZE        =   ----    ----
   IDATA SIZE       =   ----    ----
   BIT SIZE         =   ----    ----
END OF MODULE INFORMATION.


C51 COMPILATION COMPLETE.  0 WARNING(S),  0 ERROR(S)
