C51 COMPILER V9.01   DELAY                                                                 08/14/2012 04:22:53 PAGE 1   


C51 COMPILER V9.01, COMPILATION OF MODULE DELAY
OBJECT MODULE PLACED IN delay.obj
COMPILER INVOKED BY: C:\Keil\C51\BIN\C51.EXE DELAY\delay.c BROWSE DEBUG OBJECTEXTEND PRINT(.\delay.lst) TABS(2) OBJECT(d
                    -elay.obj)

line level    source

   1          #include <main.h>
   2          void delay_ms(unsigned int Time)
   3          {
   4   1        unsigned int i,j,t;
   5   1        t=Time;
   6   1        for(i=0;i<t;i++)
   7   1        {
   8   2          for(j=0;j<125;j++);
   9   2        }
  10   1      }
  11          void delay_us(unsigned int Time)
  12          {
  13   1        unsigned int i,j;
  14   1        for(i=0;i<Time;i++)
  15   1        {
  16   2          for(j=0;j<2;j++);
  17   2        }
  18   1      } 


MODULE INFORMATION:   STATIC OVERLAYABLE
   CODE SIZE        =     64    ----
   CONSTANT SIZE    =   ----    ----
   XDATA SIZE       =   ----    ----
   PDATA SIZE       =   ----    ----
   DATA SIZE        =   ----    ----
   IDATA SIZE       =   ----    ----
   BIT SIZE         =   ----    ----
END OF MODULE INFORMATION.


C51 COMPILATION COMPLETE.  0 WARNING(S),  0 ERROR(S)
