C51 COMPILER V9.01   MAIN                                                                  08/14/2012 04:22:53 PAGE 1   


C51 COMPILER V9.01, COMPILATION OF MODULE MAIN
OBJECT MODULE PLACED IN main.OBJ
COMPILER INVOKED BY: C:\Keil\C51\BIN\C51.EXE main.c BROWSE DEBUG OBJECTEXTEND TABS(2)

line level    source

   1          /*******************************************************************
   2            * @file     main.c
   3            * @author   MinhHaGroup
   4            * @version  V1.0.0
   5            * @date   
   6            * @brief    File chuowng trinh chinh
   7          ********************************************************************/
   8          #include <main.h>
   9          
  10          void main()
  11          {
  12   1        delay_ms(400);        // LUU Y SU CAN THIET CUA KHOANG THOI GIAN DELAY NAY (>40ms)
  13   1        lcd_init();
  14   1        delay_ms(5);
  15   1        LCD_RST=1;
  16   1        lcd_clear();
  17   1        while(1)
  18   1        {
  19   2          lcd_puts(1,1,"WELLCOME TO!");
  20   2          lcd_puts(1,2,"MINHHAGROUP ");
  21   2          lcd_puts(0,3," 11/N66-DCV-HBT");
  22   2          lcd_puts(0,4,"8051/AVR/PIC/ARM");
  23   2          //delay_ms(100);
  24   2        }
  25   1      }
  26          
  27          /* -----------------END OF FILE--------------------------- */


MODULE INFORMATION:   STATIC OVERLAYABLE
   CODE SIZE        =     76    ----
   CONSTANT SIZE    =     59    ----
   XDATA SIZE       =   ----    ----
   PDATA SIZE       =   ----    ----
   DATA SIZE        =   ----    ----
   IDATA SIZE       =   ----    ----
   BIT SIZE         =   ----    ----
END OF MODULE INFORMATION.


C51 COMPILATION COMPLETE.  0 WARNING(S),  0 ERROR(S)
